<?xml version="1.0" encoding="UTF-8"?>
<testng-results ignored="4" total="11" passed="7" failed="0" skipped="0">
  <reporter-output>
    <line>
      <![CDATA[Login to the website is successfull]]>
    </line>
    <line>
      <![CDATA[Capturing Screenshot]]>
    </line>
    <line>
      <![CDATA[<a target="_blank"  href=D:\dataDrivenTestingProject\dataDriven\target\surefire-reports\html\ScreenShotWed_Jan_04_22_07_54_IST_2023.png>ScreenShot</a>]]>
    </line>
    <line>
      <![CDATA[<br>]]>
    </line>
    <line>
      <![CDATA[<a target="_blank"  href=D:\dataDrivenTestingProject\dataDriven\target\surefire-reports\html\ScreenShotWed_Jan_04_22_07_54_IST_2023.png><image src=D:\dataDrivenTestingProject\dataDriven\target\surefire-reports\html\ScreenShotWed_Jan_04_22_07_54_IST_2023.png height=200 width=200></a>]]>
    </line>
    <line>
      <![CDATA[Capturing Screenshot]]>
    </line>
    <line>
      <![CDATA[<a target="_blank"  href=D:\dataDrivenTestingProject\dataDriven\target\surefire-reports\html\ScreenShotWed_Jan_04_22_07_56_IST_2023.png>ScreenShot</a>]]>
    </line>
    <line>
      <![CDATA[<br>]]>
    </line>
    <line>
      <![CDATA[<a target="_blank"  href=D:\dataDrivenTestingProject\dataDriven\target\surefire-reports\html\ScreenShotWed_Jan_04_22_07_56_IST_2023.png><image src=D:\dataDrivenTestingProject\dataDriven\target\surefire-reports\html\ScreenShotWed_Jan_04_22_07_56_IST_2023.png height=200 width=200></a>]]>
    </line>
    <line>
      <![CDATA[Capturing Screenshot]]>
    </line>
    <line>
      <![CDATA[<a target="_blank"  href=D:\dataDrivenTestingProject\dataDriven\target\surefire-reports\html\ScreenShotWed_Jan_04_22_07_57_IST_2023.png>ScreenShot</a>]]>
    </line>
    <line>
      <![CDATA[<br>]]>
    </line>
    <line>
      <![CDATA[<a target="_blank"  href=D:\dataDrivenTestingProject\dataDriven\target\surefire-reports\html\ScreenShotWed_Jan_04_22_07_57_IST_2023.png><image src=D:\dataDrivenTestingProject\dataDriven\target\surefire-reports\html\ScreenShotWed_Jan_04_22_07_57_IST_2023.png height=200 width=200></a>]]>
    </line>
    <line>
      <![CDATA[Capturing Screenshot]]>
    </line>
    <line>
      <![CDATA[<a target="_blank"  href=D:\dataDrivenTestingProject\dataDriven\target\surefire-reports\html\ScreenShotWed_Jan_04_22_07_59_IST_2023.png>ScreenShot</a>]]>
    </line>
    <line>
      <![CDATA[<br>]]>
    </line>
    <line>
      <![CDATA[<a target="_blank"  href=D:\dataDrivenTestingProject\dataDriven\target\surefire-reports\html\ScreenShotWed_Jan_04_22_07_59_IST_2023.png><image src=D:\dataDrivenTestingProject\dataDriven\target\surefire-reports\html\ScreenShotWed_Jan_04_22_07_59_IST_2023.png height=200 width=200></a>]]>
    </line>
    <line>
      <![CDATA[Capturing Screenshot]]>
    </line>
    <line>
      <![CDATA[<a target="_blank"  href=D:\dataDrivenTestingProject\dataDriven\target\surefire-reports\html\ScreenShotWed_Jan_04_22_08_00_IST_2023.png>ScreenShot</a>]]>
    </line>
    <line>
      <![CDATA[<br>]]>
    </line>
    <line>
      <![CDATA[<a target="_blank"  href=D:\dataDrivenTestingProject\dataDriven\target\surefire-reports\html\ScreenShotWed_Jan_04_22_08_00_IST_2023.png><image src=D:\dataDrivenTestingProject\dataDriven\target\surefire-reports\html\ScreenShotWed_Jan_04_22_08_00_IST_2023.png height=200 width=200></a>]]>
    </line>
    <line>
      <![CDATA[Capturing Screenshot]]>
    </line>
    <line>
      <![CDATA[<a target="_blank"  href=D:\dataDrivenTestingProject\dataDriven\target\surefire-reports\html\ScreenShotWed_Jan_04_22_08_02_IST_2023.png>ScreenShot</a>]]>
    </line>
    <line>
      <![CDATA[<br>]]>
    </line>
    <line>
      <![CDATA[<a target="_blank"  href=D:\dataDrivenTestingProject\dataDriven\target\surefire-reports\html\ScreenShotWed_Jan_04_22_08_02_IST_2023.png><image src=D:\dataDrivenTestingProject\dataDriven\target\surefire-reports\html\ScreenShotWed_Jan_04_22_08_02_IST_2023.png height=200 width=200></a>]]>
    </line>
    <line>
      <![CDATA[Capturing Screenshot]]>
    </line>
    <line>
      <![CDATA[<a target="_blank"  href=D:\dataDrivenTestingProject\dataDriven\target\surefire-reports\html\ScreenShotWed_Jan_04_22_08_03_IST_2023.png>ScreenShot</a>]]>
    </line>
    <line>
      <![CDATA[<br>]]>
    </line>
    <line>
      <![CDATA[<a target="_blank"  href=D:\dataDrivenTestingProject\dataDriven\target\surefire-reports\html\ScreenShotWed_Jan_04_22_08_03_IST_2023.png><image src=D:\dataDrivenTestingProject\dataDriven\target\surefire-reports\html\ScreenShotWed_Jan_04_22_08_03_IST_2023.png height=200 width=200></a>]]>
    </line>
  </reporter-output>
  <suite started-at="2023-01-04T22:07:49 IST" name="Suite" finished-at="2023-01-04T22:08:04 IST" duration-ms="15044">
    <groups>
    </groups>
    <test started-at="2023-01-04T22:07:49 IST" name="Test" finished-at="2023-01-04T22:08:04 IST" duration-ms="15044">
      <class name="com.ddt.testcases.TestCaseOpenAccount">
        <test-method signature="openAccount(java.util.Hashtable)[pri:0, instance:com.ddt.testcases.TestCaseOpenAccount@6d23017e]" started-at="2023-01-04T22:07:59 IST" name="openAccount" data-provider="exceldp" finished-at="2023-01-04T22:08:00 IST" duration-ms="1263" status="PASS">
          <params>
            <param index="0">
              <value>
                <![CDATA[{Currency=Pound, FirstName=Hasan, Run=Y, LastName=jubair}]]>
              </value>
            </param>
          </params>
          <reporter-output>
            <line>
              <![CDATA[Capturing Screenshot]]>
            </line>
            <line>
              <![CDATA[<a target="_blank"  href=D:\dataDrivenTestingProject\dataDriven\target\surefire-reports\html\ScreenShotWed_Jan_04_22_08_00_IST_2023.png>ScreenShot</a>]]>
            </line>
            <line>
              <![CDATA[<br>]]>
            </line>
            <line>
              <![CDATA[<a target="_blank"  href=D:\dataDrivenTestingProject\dataDriven\target\surefire-reports\html\ScreenShotWed_Jan_04_22_08_00_IST_2023.png><image src=D:\dataDrivenTestingProject\dataDriven\target\surefire-reports\html\ScreenShotWed_Jan_04_22_08_00_IST_2023.png height=200 width=200></a>]]>
            </line>
          </reporter-output>
        </test-method> <!-- openAccount -->
        <test-method signature="openAccount(java.util.Hashtable)[pri:0, instance:com.ddt.testcases.TestCaseOpenAccount@6d23017e]" started-at="2023-01-04T22:08:01 IST" name="openAccount" data-provider="exceldp" finished-at="2023-01-04T22:08:02 IST" duration-ms="835" status="PASS">
          <params>
            <param index="0">
              <value>
                <![CDATA[{Currency=Dollar, FirstName=Utkarsh, Run=Y, LastName=Singh}]]>
              </value>
            </param>
          </params>
          <reporter-output>
            <line>
              <![CDATA[Capturing Screenshot]]>
            </line>
            <line>
              <![CDATA[<a target="_blank"  href=D:\dataDrivenTestingProject\dataDriven\target\surefire-reports\html\ScreenShotWed_Jan_04_22_08_02_IST_2023.png>ScreenShot</a>]]>
            </line>
            <line>
              <![CDATA[<br>]]>
            </line>
            <line>
              <![CDATA[<a target="_blank"  href=D:\dataDrivenTestingProject\dataDriven\target\surefire-reports\html\ScreenShotWed_Jan_04_22_08_02_IST_2023.png><image src=D:\dataDrivenTestingProject\dataDriven\target\surefire-reports\html\ScreenShotWed_Jan_04_22_08_02_IST_2023.png height=200 width=200></a>]]>
            </line>
          </reporter-output>
        </test-method> <!-- openAccount -->
        <test-method signature="openAccount(java.util.Hashtable)[pri:0, instance:com.ddt.testcases.TestCaseOpenAccount@6d23017e]" started-at="2023-01-04T22:08:02 IST" name="openAccount" data-provider="exceldp" finished-at="2023-01-04T22:08:03 IST" duration-ms="1241" status="PASS">
          <params>
            <param index="0">
              <value>
                <![CDATA[{Currency=Rupee, FirstName=Ahana, Run=Y, LastName=Bhandari}]]>
              </value>
            </param>
          </params>
          <reporter-output>
            <line>
              <![CDATA[Capturing Screenshot]]>
            </line>
            <line>
              <![CDATA[<a target="_blank"  href=D:\dataDrivenTestingProject\dataDriven\target\surefire-reports\html\ScreenShotWed_Jan_04_22_08_03_IST_2023.png>ScreenShot</a>]]>
            </line>
            <line>
              <![CDATA[<br>]]>
            </line>
            <line>
              <![CDATA[<a target="_blank"  href=D:\dataDrivenTestingProject\dataDriven\target\surefire-reports\html\ScreenShotWed_Jan_04_22_08_03_IST_2023.png><image src=D:\dataDrivenTestingProject\dataDriven\target\surefire-reports\html\ScreenShotWed_Jan_04_22_08_03_IST_2023.png height=200 width=200></a>]]>
            </line>
          </reporter-output>
        </test-method> <!-- openAccount -->
      </class> <!-- com.ddt.testcases.TestCaseOpenAccount -->
      <class name="com.ddt.testcases.TestCaseAddCustomer">
        <test-method signature="addCustomer(java.util.Hashtable)[pri:0, instance:com.ddt.testcases.TestCaseAddCustomer@28e8dde3]" started-at="2023-01-04T22:07:55 IST" name="addCustomer" data-provider="exceldp" finished-at="2023-01-04T22:07:56 IST" duration-ms="964" status="PASS">
          <params>
            <param index="0">
              <value>
                <![CDATA[{PostCode=600045, FirstName=Hasan, Run=Y, LastName=jubair}]]>
              </value>
            </param>
          </params>
          <reporter-output>
            <line>
              <![CDATA[Capturing Screenshot]]>
            </line>
            <line>
              <![CDATA[<a target="_blank"  href=D:\dataDrivenTestingProject\dataDriven\target\surefire-reports\html\ScreenShotWed_Jan_04_22_07_56_IST_2023.png>ScreenShot</a>]]>
            </line>
            <line>
              <![CDATA[<br>]]>
            </line>
            <line>
              <![CDATA[<a target="_blank"  href=D:\dataDrivenTestingProject\dataDriven\target\surefire-reports\html\ScreenShotWed_Jan_04_22_07_56_IST_2023.png><image src=D:\dataDrivenTestingProject\dataDriven\target\surefire-reports\html\ScreenShotWed_Jan_04_22_07_56_IST_2023.png height=200 width=200></a>]]>
            </line>
          </reporter-output>
        </test-method> <!-- addCustomer -->
        <test-method signature="addCustomer(java.util.Hashtable)[pri:0, instance:com.ddt.testcases.TestCaseAddCustomer@28e8dde3]" started-at="2023-01-04T22:07:57 IST" name="addCustomer" data-provider="exceldp" finished-at="2023-01-04T22:07:57 IST" duration-ms="670" status="PASS">
          <params>
            <param index="0">
              <value>
                <![CDATA[{PostCode=700089, FirstName=Utkarsh, Run=Y, LastName=Singh}]]>
              </value>
            </param>
          </params>
          <reporter-output>
            <line>
              <![CDATA[Capturing Screenshot]]>
            </line>
            <line>
              <![CDATA[<a target="_blank"  href=D:\dataDrivenTestingProject\dataDriven\target\surefire-reports\html\ScreenShotWed_Jan_04_22_07_57_IST_2023.png>ScreenShot</a>]]>
            </line>
            <line>
              <![CDATA[<br>]]>
            </line>
            <line>
              <![CDATA[<a target="_blank"  href=D:\dataDrivenTestingProject\dataDriven\target\surefire-reports\html\ScreenShotWed_Jan_04_22_07_57_IST_2023.png><image src=D:\dataDrivenTestingProject\dataDriven\target\surefire-reports\html\ScreenShotWed_Jan_04_22_07_57_IST_2023.png height=200 width=200></a>]]>
            </line>
          </reporter-output>
        </test-method> <!-- addCustomer -->
        <test-method signature="addCustomer(java.util.Hashtable)[pri:0, instance:com.ddt.testcases.TestCaseAddCustomer@28e8dde3]" started-at="2023-01-04T22:07:58 IST" name="addCustomer" data-provider="exceldp" finished-at="2023-01-04T22:07:59 IST" duration-ms="714" status="PASS">
          <params>
            <param index="0">
              <value>
                <![CDATA[{PostCode=900091, FirstName=Ahana, Run=Y, LastName=Bhandari}]]>
              </value>
            </param>
          </params>
          <reporter-output>
            <line>
              <![CDATA[Capturing Screenshot]]>
            </line>
            <line>
              <![CDATA[<a target="_blank"  href=D:\dataDrivenTestingProject\dataDriven\target\surefire-reports\html\ScreenShotWed_Jan_04_22_07_59_IST_2023.png>ScreenShot</a>]]>
            </line>
            <line>
              <![CDATA[<br>]]>
            </line>
            <line>
              <![CDATA[<a target="_blank"  href=D:\dataDrivenTestingProject\dataDriven\target\surefire-reports\html\ScreenShotWed_Jan_04_22_07_59_IST_2023.png><image src=D:\dataDrivenTestingProject\dataDriven\target\surefire-reports\html\ScreenShotWed_Jan_04_22_07_59_IST_2023.png height=200 width=200></a>]]>
            </line>
          </reporter-output>
        </test-method> <!-- addCustomer -->
      </class> <!-- com.ddt.testcases.TestCaseAddCustomer -->
      <class name="com.ddt.testcases.TestCases">
        <test-method is-config="true" signature="setup()[pri:0, instance:com.ddt.testcases.TestCases@40844aab]" started-at="2023-01-04T22:07:03 IST" name="setup" finished-at="2023-01-04T22:07:49 IST" duration-ms="45578" status="PASS">
          <reporter-output>
          </reporter-output>
        </test-method> <!-- setup -->
        <test-method signature="mgrLogin()[pri:0, instance:com.ddt.testcases.TestCases@40844aab]" started-at="2023-01-04T22:07:49 IST" name="mgrLogin" finished-at="2023-01-04T22:07:54 IST" duration-ms="5607" status="PASS">
          <reporter-output>
            <line>
              <![CDATA[Login to the website is successfull]]>
            </line>
            <line>
              <![CDATA[Capturing Screenshot]]>
            </line>
            <line>
              <![CDATA[<a target="_blank"  href=D:\dataDrivenTestingProject\dataDriven\target\surefire-reports\html\ScreenShotWed_Jan_04_22_07_54_IST_2023.png>ScreenShot</a>]]>
            </line>
            <line>
              <![CDATA[<br>]]>
            </line>
            <line>
              <![CDATA[<a target="_blank"  href=D:\dataDrivenTestingProject\dataDriven\target\surefire-reports\html\ScreenShotWed_Jan_04_22_07_54_IST_2023.png><image src=D:\dataDrivenTestingProject\dataDriven\target\surefire-reports\html\ScreenShotWed_Jan_04_22_07_54_IST_2023.png height=200 width=200></a>]]>
            </line>
          </reporter-output>
        </test-method> <!-- mgrLogin -->
        <test-method is-config="true" signature="teardown()[pri:0, instance:com.ddt.testcases.TestCases@40844aab]" started-at="2023-01-04T22:08:04 IST" name="teardown" finished-at="2023-01-04T22:08:04 IST" duration-ms="623" status="PASS">
          <reporter-output>
          </reporter-output>
        </test-method> <!-- teardown -->
      </class> <!-- com.ddt.testcases.TestCases -->
    </test> <!-- Test -->
  </suite> <!-- Suite -->
</testng-results>
