<?xml version="1.0" encoding="UTF-8"?>
<testsuite xmlns:xsi="http://www.w3.org/2001/XMLSchema-instance" xsi:noNamespaceSchemaLocation="https://maven.apache.org/surefire/maven-surefire-plugin/xsd/surefire-test-report-3.0.xsd" version="3.0" name="TestSuite" time="63.815" tests="7" errors="0" skipped="0" failures="0">
  <properties>
[...]
</properties>
  <testcase name="mgrLogin" classname="com.ddt.testcases.TestCases" time="6.659">
    <system-out><![CDATA[D:\dataDrivenTestingProject\dataDriven
22:07:03.249 [main] ERROR com.ddt.rough.TestProperties - Config files are loaded;
firefox
D:\dataDrivenTestingProject\dataDriven
22:07:03.367 [main] ERROR com.ddt.rough.TestProperties - Config files are loaded;
firefox
D:\dataDrivenTestingProject\dataDriven
22:07:03.380 [main] ERROR com.ddt.rough.TestProperties - Config files are loaded;
firefox
Initializing the chrome driver
22:07:49.024 [main] ERROR com.ddt.rough.TestProperties - error intitalizing the chrome capabilities
SheetName is : isRunnable
TestCase IsRun
IsRun 
mgrLogin Y
2026005178
driverC:\Users\lenovo\AppData\Local\Temp\screenshot14344410795491154283.png
D:\dataDrivenTestingProject\dataDriven\target\surefire-reports\html\ScreenShotWed_Jan_04_22_07_54_IST_2023.png
Screen shot copied
DEBUG   16728   [freemark] (): Couldn't find template in cache for "Extent.ftl"("en_IN", UTF-8, parsed); will try to load it.
DEBUG   16728   [freemark] (): TemplateLoader.findTemplateSource("Extent_en_IN.ftl"): Not found
DEBUG   16728   [freemark] (): TemplateLoader.findTemplateSource("Extent_en.ftl"): Not found
DEBUG   16728   [freemark] (): TemplateLoader.findTemplateSource("Extent.ftl"): Found
DEBUG   16728   [freemark] (): Loading template for "Extent.ftl"("en_IN", UTF-8, parsed) from "jar:file:/C:/Users/lenovo/.m2/repository/com/relevantcodes/extentreports/2.41.2/extentreports-2.41.2.jar!/com/relevantcodes/extentreports/view/Extent.ftl"
]]></system-out>
    <system-err><![CDATA[[main] WARN io.github.bonigarcia.wdm.versions.VersionDetector - Error reading commands.properties, using local instead
[main] INFO io.github.bonigarcia.wdm.WebDriverManager - Using chromedriver 108.0.5359.71 (resolved driver for Chrome 108)
[main] INFO io.github.bonigarcia.wdm.WebDriverManager - Exporting webdriver.chrome.driver as C:\Users\lenovo\.cache\selenium\chromedriver\win32\108.0.5359.71\chromedriver.exe
Starting ChromeDriver 108.0.5359.71 (1e0e3868ee06e91ad636a874420e3ca3ae3756ac-refs/branch-heads/5359@{#1016}) on port 64116
Only local connections are allowed.
Please see https://chromedriver.chromium.org/security-considerations for suggestions on keeping ChromeDriver safe.
ChromeDriver was started successfully.
Jan 04, 2023 10:07:48 PM org.openqa.selenium.remote.ProtocolHandshake createSession
INFO: Detected dialect: W3C
Jan 04, 2023 10:07:49 PM org.openqa.selenium.devtools.CdpVersionFinder findNearestMatch
WARNING: Unable to find an exact match for CDP version 108, so returning the closest version found: a no-op implementation
Jan 04, 2023 10:07:49 PM org.openqa.selenium.devtools.CdpVersionFinder findNearestMatch
INFO: Unable to find CDP implementation matching 108.
Jan 04, 2023 10:07:49 PM org.openqa.selenium.chromium.ChromiumDriver lambda$new$3
WARNING: Unable to find version of CDP to use for . You may need to include a dependency on a specific version of the CDP using something similar to `org.seleniumhq.selenium:selenium-devtools-v86:4.1.1` where the version ("v86") matches the version of the chromium-based browser you're using and the version number of the artifact is the same as Selenium's.
]]></system-err>
  </testcase>
  <testcase name="addCustomer[{PostCode=600045, FirstName=Hasan, Run=Y, LastName=jubair}](1)" classname="com.ddt.testcases.TestCaseAddCustomer" time="1.37">
    <system-out><![CDATA[D:\dataDrivenTestingProject\dataDriven
22:07:55.780 [main] ERROR com.ddt.rough.TestProperties - Config files are loaded;
firefox
addCustomer
SheetName is : addCustomer
SheetName is : isRunnable
TestCase IsRun
IsRun 
mgrLogin Y
Y 
addCustomer Y
2026005178
driverC:\Users\lenovo\AppData\Local\Temp\screenshot9641268067630198716.png
D:\dataDrivenTestingProject\dataDriven\target\surefire-reports\html\ScreenShotWed_Jan_04_22_07_56_IST_2023.png
Screen shot copied
DEBUG   16728   [freemark] (): Couldn't find template in cache for "Extent.ftl"("en_IN", UTF-8, parsed); will try to load it.
DEBUG   16728   [freemark] (): TemplateLoader.findTemplateSource("Extent_en_IN.ftl"): Not found
DEBUG   16728   [freemark] (): TemplateLoader.findTemplateSource("Extent_en.ftl"): Not found
DEBUG   16728   [freemark] (): TemplateLoader.findTemplateSource("Extent.ftl"): Found
DEBUG   16728   [freemark] (): Loading template for "Extent.ftl"("en_IN", UTF-8, parsed) from "jar:file:/C:/Users/lenovo/.m2/repository/com/relevantcodes/extentreports/2.41.2/extentreports-2.41.2.jar!/com/relevantcodes/extentreports/view/Extent.ftl"
]]></system-out>
  </testcase>
  <testcase name="addCustomer[{PostCode=700089, FirstName=Utkarsh, Run=Y, LastName=Singh}](2)" classname="com.ddt.testcases.TestCaseAddCustomer" time="1">
    <system-out><![CDATA[SheetName is : isRunnable
TestCase IsRun
IsRun 
mgrLogin Y
Y 
addCustomer Y
2026005178
driverC:\Users\lenovo\AppData\Local\Temp\screenshot13137220403277574313.png
D:\dataDrivenTestingProject\dataDriven\target\surefire-reports\html\ScreenShotWed_Jan_04_22_07_57_IST_2023.png
Screen shot copied
DEBUG   16728   [freemark] (): Couldn't find template in cache for "Extent.ftl"("en_IN", UTF-8, parsed); will try to load it.
DEBUG   16728   [freemark] (): TemplateLoader.findTemplateSource("Extent_en_IN.ftl"): Not found
DEBUG   16728   [freemark] (): TemplateLoader.findTemplateSource("Extent_en.ftl"): Not found
DEBUG   16728   [freemark] (): TemplateLoader.findTemplateSource("Extent.ftl"): Found
DEBUG   16728   [freemark] (): Loading template for "Extent.ftl"("en_IN", UTF-8, parsed) from "jar:file:/C:/Users/lenovo/.m2/repository/com/relevantcodes/extentreports/2.41.2/extentreports-2.41.2.jar!/com/relevantcodes/extentreports/view/Extent.ftl"
]]></system-out>
  </testcase>
  <testcase name="addCustomer[{PostCode=900091, FirstName=Ahana, Run=Y, LastName=Bhandari}](3)" classname="com.ddt.testcases.TestCaseAddCustomer" time="1.102">
    <system-out><![CDATA[SheetName is : isRunnable
TestCase IsRun
IsRun 
mgrLogin Y
Y 
addCustomer Y
2026005178
driverC:\Users\lenovo\AppData\Local\Temp\screenshot9200718836392557315.png
D:\dataDrivenTestingProject\dataDriven\target\surefire-reports\html\ScreenShotWed_Jan_04_22_07_59_IST_2023.png
Screen shot copied
DEBUG   16728   [freemark] (): Couldn't find template in cache for "Extent.ftl"("en_IN", UTF-8, parsed); will try to load it.
DEBUG   16728   [freemark] (): TemplateLoader.findTemplateSource("Extent_en_IN.ftl"): Not found
DEBUG   16728   [freemark] (): TemplateLoader.findTemplateSource("Extent_en.ftl"): Not found
DEBUG   16728   [freemark] (): TemplateLoader.findTemplateSource("Extent.ftl"): Found
DEBUG   16728   [freemark] (): Loading template for "Extent.ftl"("en_IN", UTF-8, parsed) from "jar:file:/C:/Users/lenovo/.m2/repository/com/relevantcodes/extentreports/2.41.2/extentreports-2.41.2.jar!/com/relevantcodes/extentreports/view/Extent.ftl"
]]></system-out>
  </testcase>
  <testcase name="openAccount[{Currency=Pound, FirstName=Hasan, Run=Y, LastName=jubair}](1)" classname="com.ddt.testcases.TestCaseOpenAccount" time="1.629">
    <system-out><![CDATA[D:\dataDrivenTestingProject\dataDriven
22:07:59.393 [main] ERROR com.ddt.rough.TestProperties - Config files are loaded;
firefox
openAccount
SheetName is : openAccount
SheetName is : isRunnable
TestCase IsRun
IsRun 
mgrLogin Y
Y 
addCustomer Y
Y 
openAccount Y
2026005178
namePerson: Hasan jubair
value from excelPound
value from excelHasan jubair
driverC:\Users\lenovo\AppData\Local\Temp\screenshot5383272588760739548.png
D:\dataDrivenTestingProject\dataDriven\target\surefire-reports\html\ScreenShotWed_Jan_04_22_08_00_IST_2023.png
Screen shot copied
DEBUG   16728   [freemark] (): Couldn't find template in cache for "Extent.ftl"("en_IN", UTF-8, parsed); will try to load it.
DEBUG   16728   [freemark] (): TemplateLoader.findTemplateSource("Extent_en_IN.ftl"): Not found
DEBUG   16728   [freemark] (): TemplateLoader.findTemplateSource("Extent_en.ftl"): Not found
DEBUG   16728   [freemark] (): TemplateLoader.findTemplateSource("Extent.ftl"): Found
DEBUG   16728   [freemark] (): Loading template for "Extent.ftl"("en_IN", UTF-8, parsed) from "jar:file:/C:/Users/lenovo/.m2/repository/com/relevantcodes/extentreports/2.41.2/extentreports-2.41.2.jar!/com/relevantcodes/extentreports/view/Extent.ftl"
]]></system-out>
  </testcase>
  <testcase name="openAccount[{Currency=Dollar, FirstName=Utkarsh, Run=Y, LastName=Singh}](2)" classname="com.ddt.testcases.TestCaseOpenAccount" time="1.248">
    <system-out><![CDATA[SheetName is : isRunnable
TestCase IsRun
IsRun 
mgrLogin Y
Y 
addCustomer Y
Y 
openAccount Y
2026005178
namePerson: Utkarsh Singh
value from excelDollar
value from excelUtkarsh Singh
driverC:\Users\lenovo\AppData\Local\Temp\screenshot1233558522145076019.png
D:\dataDrivenTestingProject\dataDriven\target\surefire-reports\html\ScreenShotWed_Jan_04_22_08_02_IST_2023.png
Screen shot copied
DEBUG   16728   [freemark] (): Couldn't find template in cache for "Extent.ftl"("en_IN", UTF-8, parsed); will try to load it.
DEBUG   16728   [freemark] (): TemplateLoader.findTemplateSource("Extent_en_IN.ftl"): Not found
DEBUG   16728   [freemark] (): TemplateLoader.findTemplateSource("Extent_en.ftl"): Not found
DEBUG   16728   [freemark] (): TemplateLoader.findTemplateSource("Extent.ftl"): Found
DEBUG   16728   [freemark] (): Loading template for "Extent.ftl"("en_IN", UTF-8, parsed) from "jar:file:/C:/Users/lenovo/.m2/repository/com/relevantcodes/extentreports/2.41.2/extentreports-2.41.2.jar!/com/relevantcodes/extentreports/view/Extent.ftl"
]]></system-out>
  </testcase>
  <testcase name="openAccount[{Currency=Rupee, FirstName=Ahana, Run=Y, LastName=Bhandari}](3)" classname="com.ddt.testcases.TestCaseOpenAccount" time="1.63">
    <system-out><![CDATA[SheetName is : isRunnable
TestCase IsRun
IsRun 
mgrLogin Y
Y 
addCustomer Y
Y 
openAccount Y
2026005178
namePerson: Ahana Bhandari
value from excelRupee
value from excelAhana Bhandari
driverC:\Users\lenovo\AppData\Local\Temp\screenshot7819620634899187312.png
D:\dataDrivenTestingProject\dataDriven\target\surefire-reports\html\ScreenShotWed_Jan_04_22_08_03_IST_2023.png
Screen shot copied
DEBUG   16728   [freemark] (): Couldn't find template in cache for "Extent.ftl"("en_IN", UTF-8, parsed); will try to load it.
DEBUG   16728   [freemark] (): TemplateLoader.findTemplateSource("Extent_en_IN.ftl"): Not found
DEBUG   16728   [freemark] (): TemplateLoader.findTemplateSource("Extent_en.ftl"): Not found
DEBUG   16728   [freemark] (): TemplateLoader.findTemplateSource("Extent.ftl"): Found
DEBUG   16728   [freemark] (): Loading template for "Extent.ftl"("en_IN", UTF-8, parsed) from "jar:file:/C:/Users/lenovo/.m2/repository/com/relevantcodes/extentreports/2.41.2/extentreports-2.41.2.jar!/com/relevantcodes/extentreports/view/Extent.ftl"
]]></system-out>
  </testcase>
</testsuite>