<?xml version="1.0" encoding="UTF-8"?>
<testsuite name="Test"
           tests="3"
           failures="0"
           errors="0"
           skipped="0"
           time="2.348">
  <properties />
  
  
            <testcase name="addCustomer" time="0.670" classname="com.ddt.testcases.TestCaseAddCustomer" />
                <testcase name="addCustomer" time="0.714" classname="com.ddt.testcases.TestCaseAddCustomer" />
                <testcase name="addCustomer" time="0.964" classname="com.ddt.testcases.TestCaseAddCustomer" />
      
</testsuite>
