<?xml version="1.0" encoding="UTF-8"?>
<testsuite name="Test"
           tests="3"
           failures="0"
           errors="0"
           skipped="0"
           time="1.582">
  <properties />
  
  
            <testcase name="openAccount" time="0.425" classname="com.ddt.testcases.TestCaseOpenAccount" />
                <testcase name="openAccount" time="0.591" classname="com.ddt.testcases.TestCaseOpenAccount" />
                <testcase name="openAccount" time="0.566" classname="com.ddt.testcases.TestCaseOpenAccount" />
      
</testsuite>
