<?xml version="1.0" encoding="UTF-8"?>
<testsuite name="Test"
           tests="3"
           failures="0"
           errors="0"
           skipped="0"
           time="3.339">
  <properties />
  
  
            <testcase name="openAccount" time="1.263" classname="com.ddt.testcases.TestCaseOpenAccount" />
                <testcase name="openAccount" time="1.241" classname="com.ddt.testcases.TestCaseOpenAccount" />
                <testcase name="openAccount" time="0.835" classname="com.ddt.testcases.TestCaseOpenAccount" />
      
</testsuite>
