<?xml version="1.0" encoding="UTF-8"?>
<!-- Generated by org.testng.reporters.JUnitXMLReporter -->
<testsuite ignored="4" hostname="VIVEK" failures="0" tests="7" name="Test" time="15.044" errors="0" timestamp="2023-01-04T22:08:04 IST">
  <testcase classname="com.ddt.testcases.TestCases" name="mgrLogin" time="5.607"/>
  <testcase classname="com.ddt.testcases.TestCaseAddCustomer" name="addCustomer" time="0.964"/>
  <testcase classname="com.ddt.testcases.TestCaseAddCustomer" name="addCustomer" time="0.67"/>
  <testcase classname="com.ddt.testcases.TestCaseAddCustomer" name="addCustomer" time="0.714"/>
  <testcase classname="com.ddt.testcases.TestCaseOpenAccount" name="openAccount" time="1.263"/>
  <testcase classname="com.ddt.testcases.TestCaseOpenAccount" name="openAccount" time="0.835"/>
  <testcase classname="com.ddt.testcases.TestCaseOpenAccount" name="openAccount" time="1.241"/>
  <testcase classname="com.ddt.base.Base" name="@BeforeSuite setup" time="0.0">
    <ignored/>
  </testcase> <!-- @BeforeSuite setup -->
  <testcase classname="com.ddt.base.Base" name="@AfterSuite teardown" time="0.0">
    <ignored/>
  </testcase> <!-- @AfterSuite teardown -->
  <testcase classname="com.ddt.base.Base" name="@BeforeSuite setup" time="0.0">
    <ignored/>
  </testcase> <!-- @BeforeSuite setup -->
  <testcase classname="com.ddt.base.Base" name="@AfterSuite teardown" time="0.0">
    <ignored/>
  </testcase> <!-- @AfterSuite teardown -->
</testsuite> <!-- Test -->
