<?xml version="1.0" encoding="UTF-8"?>
<!-- Generated by org.testng.reporters.JUnitXMLReporter -->
<testsuite ignored="4" hostname="VIVEK" failures="0" tests="7" name="Test" time="10.613" errors="0" timestamp="2023-01-04T09:46:55 IST">
  <testcase classname="com.ddt.testcases.TestCases" name="mgrLogin" time="4.84"/>
  <testcase classname="com.ddt.testcases.TestCaseAddCustomer" name="addCustomer" time="0.718"/>
  <testcase classname="com.ddt.testcases.TestCaseAddCustomer" name="addCustomer" time="0.481"/>
  <testcase classname="com.ddt.testcases.TestCaseAddCustomer" name="addCustomer" time="0.361"/>
  <testcase classname="com.ddt.testcases.TestCaseOpenAccount" name="openAccount" time="0.566"/>
  <testcase classname="com.ddt.testcases.TestCaseOpenAccount" name="openAccount" time="0.591"/>
  <testcase classname="com.ddt.testcases.TestCaseOpenAccount" name="openAccount" time="0.425"/>
  <testcase classname="com.ddt.base.Base" name="@AfterSuite teardown" time="0.0">
    <ignored/>
  </testcase> <!-- @AfterSuite teardown -->
  <testcase classname="com.ddt.base.Base" name="@BeforeSuite setup" time="0.0">
    <ignored/>
  </testcase> <!-- @BeforeSuite setup -->
  <testcase classname="com.ddt.base.Base" name="@AfterSuite teardown" time="0.0">
    <ignored/>
  </testcase> <!-- @AfterSuite teardown -->
  <testcase classname="com.ddt.base.Base" name="@BeforeSuite setup" time="0.0">
    <ignored/>
  </testcase> <!-- @BeforeSuite setup -->
</testsuite> <!-- Test -->
